[2024-04-16T14:40:03.582+0000] {taskinstance.py:1157} INFO - Dependencies all met for dep_context=non-requeueable deps ti=<TaskInstance: ittf_scores.ranking_analysis_job manual__2024-04-16T14:40:01.614826+00:00 [queued]>
[2024-04-16T14:40:03.596+0000] {taskinstance.py:1157} INFO - Dependencies all met for dep_context=requeueable deps ti=<TaskInstance: ittf_scores.ranking_analysis_job manual__2024-04-16T14:40:01.614826+00:00 [queued]>
[2024-04-16T14:40:03.596+0000] {taskinstance.py:1359} INFO - Starting attempt 1 of 1
[2024-04-16T14:40:03.612+0000] {taskinstance.py:1380} INFO - Executing <Task(SparkSubmitOperator): ranking_analysis_job> on 2024-04-16 14:40:01.614826+00:00
[2024-04-16T14:40:03.616+0000] {standard_task_runner.py:57} INFO - Started process 287 to run task
[2024-04-16T14:40:03.618+0000] {standard_task_runner.py:84} INFO - Running: ['***', 'tasks', 'run', 'ittf_scores', 'ranking_analysis_job', 'manual__2024-04-16T14:40:01.614826+00:00', '--job-id', '6', '--raw', '--subdir', 'DAGS_FOLDER/***.py', '--cfg-path', '/tmp/tmp0mge0fku']
[2024-04-16T14:40:03.621+0000] {standard_task_runner.py:85} INFO - Job 6: Subtask ranking_analysis_job
[2024-04-16T14:40:03.665+0000] {task_command.py:415} INFO - Running <TaskInstance: ittf_scores.ranking_analysis_job manual__2024-04-16T14:40:01.614826+00:00 [running]> on host 83535c04fd20
[2024-04-16T14:40:03.730+0000] {taskinstance.py:1660} INFO - Exporting env vars: AIRFLOW_CTX_DAG_OWNER='Anja Szczepanik' AIRFLOW_CTX_DAG_ID='ittf_scores' AIRFLOW_CTX_TASK_ID='ranking_analysis_job' AIRFLOW_CTX_EXECUTION_DATE='2024-04-16T14:40:01.614826+00:00' AIRFLOW_CTX_TRY_NUMBER='1' AIRFLOW_CTX_DAG_RUN_ID='manual__2024-04-16T14:40:01.614826+00:00'
[2024-04-16T14:40:03.739+0000] {spark_submit.py:271} INFO - Could not load connection string spark-conn, defaulting to yarn
[2024-04-16T14:40:03.741+0000] {spark_submit.py:401} INFO - Spark-Submit cmd: spark-submit --master yarn --name arrow-spark target/scala-2.12/ittf-scores-assembly-0.1.0-SNAPSHOT.jar
[2024-04-16T14:40:03.814+0000] {spark_submit.py:571} INFO - /home/***/.local/lib/python3.11/site-packages/pyspark/bin/load-spark-env.sh: line 68: ps: command not found
[2024-04-16T14:40:03.814+0000] {spark_submit.py:571} INFO - /home/***/.local/lib/python3.11/site-packages/pyspark/bin/spark-class: line 71: /usr/lib/jvm/java-11-openjdk-arm64/bin/java: No such file or directory
[2024-04-16T14:40:03.815+0000] {spark_submit.py:571} INFO - /home/***/.local/lib/python3.11/site-packages/pyspark/bin/spark-class: line 97: CMD: bad array subscript
[2024-04-16T14:40:03.826+0000] {taskinstance.py:1935} ERROR - Task failed with exception
Traceback (most recent call last):
  File "/home/airflow/.local/lib/python3.11/site-packages/airflow/providers/apache/spark/operators/spark_submit.py", line 174, in execute
    self._hook.submit(self.application)
  File "/home/airflow/.local/lib/python3.11/site-packages/airflow/providers/apache/spark/hooks/spark_submit.py", line 502, in submit
    raise AirflowException(
airflow.exceptions.AirflowException: Cannot execute: spark-submit --master yarn --name arrow-spark target/scala-2.12/ittf-scores-assembly-0.1.0-SNAPSHOT.jar. Error code is: 1.
[2024-04-16T14:40:03.829+0000] {taskinstance.py:1398} INFO - Marking task as FAILED. dag_id=ittf_scores, task_id=ranking_analysis_job, execution_date=20240416T144001, start_date=20240416T144003, end_date=20240416T144003
[2024-04-16T14:40:03.840+0000] {standard_task_runner.py:104} ERROR - Failed to execute job 6 for task ranking_analysis_job (Cannot execute: spark-submit --master yarn --name arrow-spark target/scala-2.12/ittf-scores-assembly-0.1.0-SNAPSHOT.jar. Error code is: 1.; 287)
[2024-04-16T14:40:03.872+0000] {local_task_job_runner.py:228} INFO - Task exited with return code 1
[2024-04-16T14:40:03.893+0000] {taskinstance.py:2776} INFO - 0 downstream tasks scheduled from follow-on schedule check
